**********************
Windows PowerShell transcript start
Start time: 20220815143532
Username: INSMED\Shelby.Mader
RunAs User: INSMED\Shelby.Mader
Configuration Name: 
Machine: INS700DC01 (Microsoft Windows NT 10.0.17763.0)
Host Application: C:\Windows\system32\WindowsPowerShell\v1.0\PowerShell_ISE.exe
Process ID: 37452
PSVersion: 5.1.17763.2931
PSEdition: Desktop
PSCompatibleVersions: 1.0, 2.0, 3.0, 4.0, 5.0, 5.1.17763.2931
BuildVersion: 10.0.17763.2931
CLRVersion: 4.0.30319.42000
WSManStackVersion: 3.0
PSRemotingProtocolVersion: 2.3
SerializationVersion: 1.1.0.1
**********************
What if: Performing the operation "Set" on target "CN=IT_Admins,CN=Users,DC=insmed,DC=local".
Added a-shelby.mader@insmed.com to IT_Admins
**********************
Windows PowerShell transcript end
End time: 20220815143532
**********************
**********************
Windows PowerShell transcript start
Start time: 20220815145213
Username: INSMED\Shelby.Mader
RunAs User: INSMED\Shelby.Mader
Configuration Name: 
Machine: INS700DC01 (Microsoft Windows NT 10.0.17763.0)
Host Application: C:\Windows\system32\WindowsPowerShell\v1.0\PowerShell_ISE.exe
Process ID: 37452
PSVersion: 5.1.17763.2931
PSEdition: Desktop
PSCompatibleVersions: 1.0, 2.0, 3.0, 4.0, 5.0, 5.1.17763.2931
BuildVersion: 10.0.17763.2931
CLRVersion: 4.0.30319.42000
WSManStackVersion: 3.0
PSRemotingProtocolVersion: 2.3
SerializationVersion: 1.1.0.1
**********************
What if: Performing the operation "Set" on target "CN=IT_Admins,CN=Users,DC=insmed,DC=local".
Added a-chitra.babu@insmed.com to IT_Admins
What if: Performing the operation "Set" on target "CN=IT_Admins,CN=Users,DC=insmed,DC=local".
Added a-lokesh.bk@insmed.com to IT_Admins
What if: Performing the operation "Set" on target "CN=IT_Admins,CN=Users,DC=insmed,DC=local".
Added a-bill.eyer@insmed.com to IT_Admins
What if: Performing the operation "Set" on target "CN=IT_Admins,CN=Users,DC=insmed,DC=local".
Added a-shelby.mader@insmed.com to IT_Admins
What if: Performing the operation "Set" on target "CN=IT_Admins,CN=Users,DC=insmed,DC=local".
Added a-anil.prajapati@insmed.com to IT_Admins
a-chetna.dodiya@insmed.com does not exist in AD
a-divyanshu.soft@insmed.com does not exist in AD
What if: Performing the operation "Set" on target "CN=IT_Admins,CN=Users,DC=insmed,DC=local".
Added a-jordan.novick@insmed.com to IT_Admins
What if: Performing the operation "Set" on target "CN=IT_Admins,CN=Users,DC=insmed,DC=local".
Added a-joseph.stanlein@insmed.com to IT_Admins
What if: Performing the operation "Set" on target "CN=IT_Admins,CN=Users,DC=insmed,DC=local".
Added a-mounika.thalla@insmed.com to IT_Admins
What if: Performing the operation "Set" on target "CN=IT_Admins,CN=Users,DC=insmed,DC=local".
Added a-nitin.sukhiya@insmed.com to IT_Admins
What if: Performing the operation "Set" on target "CN=IT_Admins,CN=Users,DC=insmed,DC=local".
Added a-petrina.ma@insmed.com to IT_Admins
What if: Performing the operation "Set" on target "CN=IT_Admins,CN=Users,DC=insmed,DC=local".
Added a-priyatham.sagar@insmed.com to IT_Admins
What if: Performing the operation "Set" on target "CN=IT_Admins,CN=Users,DC=insmed,DC=local".
Added a-ravikanth.pilli@insmed.com to IT_Admins
What if: Performing the operation "Set" on target "CN=IT_Admins,CN=Users,DC=insmed,DC=local".
Added a-mark.pellegrino@insmed.com to IT_Admins
What if: Performing the operation "Set" on target "CN=IT_Admins,CN=Users,DC=insmed,DC=local".
Added a-chris.colucci@insmed.com to IT_Admins
What if: Performing the operation "Set" on target "CN=IT_Admins,CN=Users,DC=insmed,DC=local".
Added a-joshua.chalmers@insmed.com to IT_Admins
What if: Performing the operation "Set" on target "CN=IT_Admins,CN=Users,DC=insmed,DC=local".
Added a-julio.barrientos@insmed.com to IT_Admins
What if: Performing the operation "Set" on target "CN=IT_Admins,CN=Users,DC=insmed,DC=local".
Added a-ketulkumar.patel@insmed.com to IT_Admins
a-michael.prachar@insmed.com does not exist in AD
What if: Performing the operation "Set" on target "CN=IT_Admins,CN=Users,DC=insmed,DC=local".
Added a-molly.correia@insmed.com to IT_Admins
What if: Performing the operation "Set" on target "CN=IT_Admins,CN=Users,DC=insmed,DC=local".
Added a-nithin.sridhar@insmed.com to IT_Admins
What if: Performing the operation "Set" on target "CN=IT_Admins,CN=Users,DC=insmed,DC=local".
Added a-ralph.lafortune@insmed.com to IT_Admins
What if: Performing the operation "Set" on target "CN=IT_Admins,CN=Users,DC=insmed,DC=local".
Added a-roberth.larriva@insmed.com to IT_Admins
What if: Performing the operation "Set" on target "CN=IT_Admins,CN=Users,DC=insmed,DC=local".
Added a-samuel.dzifanu@insmed.com to IT_Admins
What if: Performing the operation "Set" on target "CN=IT_Admins,CN=Users,DC=insmed,DC=local".
Added a-shravanya.n@insmed.com to IT_Admins
a-voiletta.dilanyan@insmed.com does not exist in AD
a-yogesh.deveraj@insmed.com does not exist in AD
What if: Performing the operation "Set" on target "CN=IT_Admins,CN=Users,DC=insmed,DC=local".
Added a-william.russell@insmed.com to IT_Admins
What if: Performing the operation "Set" on target "CN=IT_Admins,CN=Users,DC=insmed,DC=local".
Added a-aissam.elfadil@insmed.com to IT_Admins
What if: Performing the operation "Set" on target "CN=IT_Admins,CN=Users,DC=insmed,DC=local".
Added a-logaraj.kanthasamy@insmed.com to IT_Admins
What if: Performing the operation "Set" on target "CN=IT_Admins,CN=Users,DC=insmed,DC=local".
Added a-swarup.malli@insmed.com to IT_Admins
What if: Performing the operation "Set" on target "CN=IT_Admins,CN=Users,DC=insmed,DC=local".
Added a-geetanjali.pandey@insmed.com to IT_Admins
What if: Performing the operation "Set" on target "CN=IT_Admins,CN=Users,DC=insmed,DC=local".
Added a-harjit.singh@insmed.com to IT_Admins
What if: Performing the operation "Set" on target "CN=IT_Admins,CN=Users,DC=insmed,DC=local".
Added a-amit.kumar@insmed.com to IT_Admins
What if: Performing the operation "Set" on target "CN=IT_Admins,CN=Users,DC=insmed,DC=local".
Added a-harjit.singh@insmed.com to IT_Admins
a-ashok.kumar@insmed.com does not exist in AD
What if: Performing the operation "Set" on target "CN=IT_Admins,CN=Users,DC=insmed,DC=local".
Added a-harshith.m@insmed.com to IT_Admins
What if: Performing the operation "Set" on target "CN=IT_Admins,CN=Users,DC=insmed,DC=local".
Added a-sunil.kumar@insmed.com to IT_Admins
What if: Performing the operation "Set" on target "CN=IT_Admins,CN=Users,DC=insmed,DC=local".
Added a-abhishek.n@insmed.com to IT_Admins
What if: Performing the operation "Set" on target "CN=IT_Admins,CN=Users,DC=insmed,DC=local".
Added a-sushmitha.j@insmed.com to IT_Admins
What if: Performing the operation "Set" on target "CN=IT_Admins,CN=Users,DC=insmed,DC=local".
Added a-adarsha.shasthry@insmed.com to IT_Admins
surban.admin@insmed.com@insmed.com does not exist in AD
**********************
Windows PowerShell transcript end
End time: 20220815145232
**********************
**********************
Windows PowerShell transcript start
Start time: 20220817100657
Username: INSMED\Shelby.Mader
RunAs User: INSMED\Shelby.Mader
Configuration Name: 
Machine: INS700DC01 (Microsoft Windows NT 10.0.17763.0)
Host Application: C:\Windows\system32\WindowsPowerShell\v1.0\PowerShell_ISE.exe
Process ID: 37452
PSVersion: 5.1.17763.2931
PSEdition: Desktop
PSCompatibleVersions: 1.0, 2.0, 3.0, 4.0, 5.0, 5.1.17763.2931
BuildVersion: 10.0.17763.2931
CLRVersion: 4.0.30319.42000
WSManStackVersion: 3.0
PSRemotingProtocolVersion: 2.3
SerializationVersion: 1.1.0.1
**********************
Added Josep.Espanol@insmed.com to Temps_Consultants_Password_Policy
Added Michael.Dara@insmed.com to Temps_Consultants_Password_Policy
Added Ravi.Raviteja@insmed.com to Temps_Consultants_Password_Policy
Added Alison.Wertheim@insmed.com to Temps_Consultants_Password_Policy
Added Frederick.Nadar@insmed.com to Temps_Consultants_Password_Policy
Added Julio.Barrientos@insmed.com to Temps_Consultants_Password_Policy
Added Ravikanth.Pilli@insmed.com to Temps_Consultants_Password_Policy
Added Anthony.Knific@insmed.com to Temps_Consultants_Password_Policy
Added Prateek.Jain@insmed.com to Temps_Consultants_Password_Policy
Added Deepak.Kalra@insmed.com to Temps_Consultants_Password_Policy
Added Dan.Tiernan@insmed.com to Temps_Consultants_Password_Policy
Added Shobha.Prabhakar@insmed.com to Temps_Consultants_Password_Policy
Added Adarsha.Shasthry@insmed.com to Temps_Consultants_Password_Policy
Added Casey.Whaley@insmed.com to Temps_Consultants_Password_Policy
Added Matt.Fussell@insmed.com to Temps_Consultants_Password_Policy
Added Amit.Kumar@insmed.com to Temps_Consultants_Password_Policy
Added Raj.Chakravarthi@insmed.com to Temps_Consultants_Password_Policy
Added John.Lanni@insmed.com to Temps_Consultants_Password_Policy
Added Nithin.Sridhar@insmed.com to Temps_Consultants_Password_Policy
Added Sathish.Adoni@insmed.com to Temps_Consultants_Password_Policy
Added Prasanna.Velpula@insmed.com to Temps_Consultants_Password_Policy
Added Doug.Hangliter@insmed.com to Temps_Consultants_Password_Policy
Added Vinay.Chintapalli@insmed.com to Temps_Consultants_Password_Policy
Added Poonam.Sharma@insmed.com to Temps_Consultants_Password_Policy
Added Roberth.Larriva@insmed.com to Temps_Consultants_Password_Policy
Added Harjit.Singh@insmed.com to Temps_Consultants_Password_Policy
Added Nitin.Sukhiya@insmed.com to Temps_Consultants_Password_Policy
Added Sushmitha.J@insmed.com to Temps_Consultants_Password_Policy
Added Ashok.Kumar@insmed.com to Temps_Consultants_Password_Policy
Added Samuel.Urban@insmed.com to Temps_Consultants_Password_Policy
Added Udaya.Rejeti@insmed.com to Temps_Consultants_Password_Policy
Added Sunil.Kumar@insmed.com to Temps_Consultants_Password_Policy
Added Harshith.M@insmed.com to Temps_Consultants_Password_Policy
Added Daniel.Stephen@insmed.com to Temps_Consultants_Password_Policy
Added Gousepeer.Dudekula@insmed.com to Temps_Consultants_Password_Policy
Added Subhash.Kumar@insmed.com to Temps_Consultants_Password_Policy
Added Ashish.Ankit@insmed.com to Temps_Consultants_Password_Policy
Added Sindhu.Mohan@insmed.com to Temps_Consultants_Password_Policy
Added Arnab.Roy@insmed.com to Temps_Consultants_Password_Policy
Added Mahendra.BV@insmed.com to Temps_Consultants_Password_Policy
Added Manish.Manjunath@insmed.com to Temps_Consultants_Password_Policy
Added aman.singh@insmed.com to Temps_Consultants_Password_Policy
Added Abhilash.Naik@insmed.com to Temps_Consultants_Password_Policy
Added Sai.Gnanamani@insmed.com to Temps_Consultants_Password_Policy
Added Abhishek.N@insmed.com to Temps_Consultants_Password_Policy
Added Rangaswamy.Maddileti@insmed.com to Temps_Consultants_Password_Policy
Added Shreedhar.Valadi@insmed.com to Temps_Consultants_Password_Policy
Added Rohith.Venkatram@insmed.com to Temps_Consultants_Password_Policy
Added Naman.Rawal@insmed.com to Temps_Consultants_Password_Policy
Added Abhishek.Jagannath@insmed.com to Temps_Consultants_Password_Policy
Added Nivethitha.Vivekanand@insmed.com to Temps_Consultants_Password_Policy
Added Christopher.Dunphy@insmed.com to Temps_Consultants_Password_Policy
Added Navhit.Pawar@insmed.com to Temps_Consultants_Password_Policy
Added Vagdevi.Thondapi@insmed.com to Temps_Consultants_Password_Policy
Added Sateesh.Kanagala@insmed.com to Temps_Consultants_Password_Policy
Added Samuel.Dzifanu@insmed.com to Temps_Consultants_Password_Policy
Added Umamaheswara.Vandadi@insmed.com to Temps_Consultants_Password_Policy
Added Geetanjali.Pandey@insmed.com to Temps_Consultants_Password_Policy
Added Yogesh.Devaraj@insmed.com to Temps_Consultants_Password_Policy
Added Suman.Nakka@insmed.com to Temps_Consultants_Password_Policy
Added Megha.Parameshwarappa@insmed.com to Temps_Consultants_Password_Policy
Added Ralph.Lafortune@insmed.com to Temps_Consultants_Password_Policy
Added Molly.Correia@insmed.com to Temps_Consultants_Password_Policy
Added Jeremy.Kunkes@insmed.com to Temps_Consultants_Password_Policy
Added Faisal.Khan@insmed.com to Temps_Consultants_Password_Policy
Added Kiran.Chitrada@insmed.com to Temps_Consultants_Password_Policy
Added Prashanth.Bandi@insmed.com to Temps_Consultants_Password_Policy
Added Divyanshu.Sofat@insmed.com to Temps_Consultants_Password_Policy
Added Daniel.Padeiro@insmed.com to Temps_Consultants_Password_Policy
Added Harish.Kumar@insmed.com to Temps_Consultants_Password_Policy
Added Manasa.GS@insmed.com to Temps_Consultants_Password_Policy
Added Andreas.Krijnen@insmed.com to Temps_Consultants_Password_Policy
Added Shravanya.N@insmed.com to Temps_Consultants_Password_Policy
Josep.Espanol@insmed.com already exists in Temps_Consultants_Password_Policy
Michael.Dara@insmed.com already exists in Temps_Consultants_Password_Policy
Ravi.Raviteja@insmed.com already exists in Temps_Consultants_Password_Policy
Alison.Wertheim@insmed.com already exists in Temps_Consultants_Password_Policy
Frederick.Nadar@insmed.com already exists in Temps_Consultants_Password_Policy
Julio.Barrientos@insmed.com already exists in Temps_Consultants_Password_Policy
Ravikanth.Pilli@insmed.com already exists in Temps_Consultants_Password_Policy
Anthony.Knific@insmed.com already exists in Temps_Consultants_Password_Policy
Prateek.Jain@insmed.com already exists in Temps_Consultants_Password_Policy
Deepak.Kalra@insmed.com already exists in Temps_Consultants_Password_Policy
Dan.Tiernan@insmed.com already exists in Temps_Consultants_Password_Policy
Shobha.Prabhakar@insmed.com already exists in Temps_Consultants_Password_Policy
Adarsha.Shasthry@insmed.com already exists in Temps_Consultants_Password_Policy
Casey.Whaley@insmed.com already exists in Temps_Consultants_Password_Policy
Matt.Fussell@insmed.com already exists in Temps_Consultants_Password_Policy
Amit.Kumar@insmed.com already exists in Temps_Consultants_Password_Policy
Raj.Chakravarthi@insmed.com already exists in Temps_Consultants_Password_Policy
John.Lanni@insmed.com already exists in Temps_Consultants_Password_Policy
Nithin.Sridhar@insmed.com already exists in Temps_Consultants_Password_Policy
Sathish.Adoni@insmed.com already exists in Temps_Consultants_Password_Policy
Prasanna.Velpula@insmed.com already exists in Temps_Consultants_Password_Policy
Doug.Hangliter@insmed.com already exists in Temps_Consultants_Password_Policy
Vinay.Chintapalli@insmed.com already exists in Temps_Consultants_Password_Policy
Poonam.Sharma@insmed.com already exists in Temps_Consultants_Password_Policy
Roberth.Larriva@insmed.com already exists in Temps_Consultants_Password_Policy
Harjit.Singh@insmed.com already exists in Temps_Consultants_Password_Policy
Nitin.Sukhiya@insmed.com already exists in Temps_Consultants_Password_Policy
Sushmitha.J@insmed.com already exists in Temps_Consultants_Password_Policy
Ashok.Kumar@insmed.com already exists in Temps_Consultants_Password_Policy
Samuel.Urban@insmed.com already exists in Temps_Consultants_Password_Policy
Udaya.Rejeti@insmed.com already exists in Temps_Consultants_Password_Policy
Sunil.Kumar@insmed.com already exists in Temps_Consultants_Password_Policy
Harshith.M@insmed.com already exists in Temps_Consultants_Password_Policy
Daniel.Stephen@insmed.com already exists in Temps_Consultants_Password_Policy
Gousepeer.Dudekula@insmed.com already exists in Temps_Consultants_Password_Policy
Subhash.Kumar@insmed.com already exists in Temps_Consultants_Password_Policy
Ashish.Ankit@insmed.com already exists in Temps_Consultants_Password_Policy
Sindhu.Mohan@insmed.com already exists in Temps_Consultants_Password_Policy
Arnab.Roy@insmed.com already exists in Temps_Consultants_Password_Policy
Mahendra.BV@insmed.com already exists in Temps_Consultants_Password_Policy
Manish.Manjunath@insmed.com already exists in Temps_Consultants_Password_Policy
aman.singh@insmed.com already exists in Temps_Consultants_Password_Policy
Abhilash.Naik@insmed.com already exists in Temps_Consultants_Password_Policy
Sai.Gnanamani@insmed.com already exists in Temps_Consultants_Password_Policy
Abhishek.N@insmed.com already exists in Temps_Consultants_Password_Policy
Rangaswamy.Maddileti@insmed.com already exists in Temps_Consultants_Password_Policy
Shreedhar.Valadi@insmed.com already exists in Temps_Consultants_Password_Policy
Rohith.Venkatram@insmed.com already exists in Temps_Consultants_Password_Policy
Naman.Rawal@insmed.com already exists in Temps_Consultants_Password_Policy
Abhishek.Jagannath@insmed.com already exists in Temps_Consultants_Password_Policy
Nivethitha.Vivekanand@insmed.com already exists in Temps_Consultants_Password_Policy
Christopher.Dunphy@insmed.com already exists in Temps_Consultants_Password_Policy
Navhit.Pawar@insmed.com already exists in Temps_Consultants_Password_Policy
Vagdevi.Thondapi@insmed.com already exists in Temps_Consultants_Password_Policy
Sateesh.Kanagala@insmed.com already exists in Temps_Consultants_Password_Policy
Samuel.Dzifanu@insmed.com already exists in Temps_Consultants_Password_Policy
Umamaheswara.Vandadi@insmed.com already exists in Temps_Consultants_Password_Policy
Geetanjali.Pandey@insmed.com already exists in Temps_Consultants_Password_Policy
Yogesh.Devaraj@insmed.com already exists in Temps_Consultants_Password_Policy
Suman.Nakka@insmed.com already exists in Temps_Consultants_Password_Policy
Megha.Parameshwarappa@insmed.com already exists in Temps_Consultants_Password_Policy
Ralph.Lafortune@insmed.com already exists in Temps_Consultants_Password_Policy
Added Molly.Correia@insmed.com to Temps_Consultants_Password_Policy
Added Jeremy.Kunkes@insmed.com to Temps_Consultants_Password_Policy
Added Faisal.Khan@insmed.com to Temps_Consultants_Password_Policy
Added Kiran.Chitrada@insmed.com to Temps_Consultants_Password_Policy
Added Prashanth.Bandi@insmed.com to Temps_Consultants_Password_Policy
Divyanshu.Sofat@insmed.com already exists in Temps_Consultants_Password_Policy
Daniel.Padeiro@insmed.com already exists in Temps_Consultants_Password_Policy
Harish.Kumar@insmed.com already exists in Temps_Consultants_Password_Policy
Manasa.GS@insmed.com already exists in Temps_Consultants_Password_Policy
Andreas.Krijnen@insmed.com already exists in Temps_Consultants_Password_Policy
Shravanya.N@insmed.com already exists in Temps_Consultants_Password_Policy
**********************
Windows PowerShell transcript end
End time: 20220817100731
**********************
